[0.013s] Invoking command in '/home/usuario/ros2_ws/build/ros_drone_control': /usr/bin/cmake /home/usuario/ros2_ws/src/ros_drone_control -DCATKIN_INSTALL_INTO_PREFIX_ROOT=0 -DCMAKE_INSTALL_PREFIX=/home/usuario/ros2_ws/install/ros_drone_control
[0.070s] -- The C compiler identification is GNU 10.5.0
[0.125s] -- The CXX compiler identification is GNU 10.5.0
[0.133s] -- Detecting C compiler ABI info
[0.216s] -- Detecting C compiler ABI info - done
[0.222s] -- Check for working C compiler: /usr/bin/cc - skipped
[0.222s] -- Detecting C compile features
[0.223s] -- Detecting C compile features - done
[0.227s] -- Detecting CXX compiler ABI info
[0.317s] -- Detecting CXX compiler ABI info - done
[0.323s] -- Check for working CXX compiler: /usr/bin/c++ - skipped
[0.324s] -- Detecting CXX compile features
[0.324s] -- Detecting CXX compile features - done
[0.328s] -- Found ament_cmake: 1.3.11 (/opt/ros/humble/share/ament_cmake/cmake)
[0.673s] -- Found Python3: /usr/bin/python3 (found version "3.10.12") found components: Interpreter 
[0.754s] -- Found rclpy: 3.3.15 (/opt/ros/humble/share/rclpy/cmake)
[0.818s] -- Configuring done
[0.822s] -- Generating done
[0.824s] [33mCMake Warning:
[0.824s]   Manually-specified variables were not used by the project:
[0.824s] 
[0.824s]     CATKIN_INSTALL_INTO_PREFIX_ROOT
[0.824s] 
[0.824s] [0m
[0.828s] -- Build files have been written to: /home/usuario/ros2_ws/build/ros_drone_control
[0.832s] Invoked command in '/home/usuario/ros2_ws/build/ros_drone_control' returned '0': /usr/bin/cmake /home/usuario/ros2_ws/src/ros_drone_control -DCATKIN_INSTALL_INTO_PREFIX_ROOT=0 -DCMAKE_INSTALL_PREFIX=/home/usuario/ros2_ws/install/ros_drone_control
[0.834s] Invoking command in '/home/usuario/ros2_ws/build/ros_drone_control': /usr/bin/cmake --build /home/usuario/ros2_ws/build/ros_drone_control -- -j6 -l6
[0.875s] Invoked command in '/home/usuario/ros2_ws/build/ros_drone_control' returned '0': /usr/bin/cmake --build /home/usuario/ros2_ws/build/ros_drone_control -- -j6 -l6
[0.888s] Invoking command in '/home/usuario/ros2_ws/build/ros_drone_control': /usr/bin/cmake --install /home/usuario/ros2_ws/build/ros_drone_control
[0.895s] -- Install configuration: ""
[0.896s] -- Installing: /home/usuario/ros2_ws/install/ros_drone_control/lib/ros_drone_control/battery_gps_node.py
[0.897s] -- Installing: /home/usuario/ros2_ws/install/ros_drone_control/lib/ros_drone_control/mission_control_node.py
[0.898s] -- Installing: /home/usuario/ros2_ws/install/ros_drone_control/share/ament_index/resource_index/package_run_dependencies/ros_drone_control
[0.899s] -- Installing: /home/usuario/ros2_ws/install/ros_drone_control/share/ament_index/resource_index/parent_prefix_path/ros_drone_control
[0.900s] -- Installing: /home/usuario/ros2_ws/install/ros_drone_control/share/ros_drone_control/environment/ament_prefix_path.sh
[0.900s] -- Installing: /home/usuario/ros2_ws/install/ros_drone_control/share/ros_drone_control/environment/ament_prefix_path.dsv
[0.901s] -- Installing: /home/usuario/ros2_ws/install/ros_drone_control/share/ros_drone_control/environment/path.sh
[0.902s] -- Installing: /home/usuario/ros2_ws/install/ros_drone_control/share/ros_drone_control/environment/path.dsv
[0.902s] -- Installing: /home/usuario/ros2_ws/install/ros_drone_control/share/ros_drone_control/local_setup.bash
[0.903s] -- Installing: /home/usuario/ros2_ws/install/ros_drone_control/share/ros_drone_control/local_setup.sh
[0.904s] -- Installing: /home/usuario/ros2_ws/install/ros_drone_control/share/ros_drone_control/local_setup.zsh
[0.905s] -- Installing: /home/usuario/ros2_ws/install/ros_drone_control/share/ros_drone_control/local_setup.dsv
[0.906s] -- Installing: /home/usuario/ros2_ws/install/ros_drone_control/share/ros_drone_control/package.dsv
[0.907s] -- Installing: /home/usuario/ros2_ws/install/ros_drone_control/share/ament_index/resource_index/packages/ros_drone_control
[0.908s] -- Installing: /home/usuario/ros2_ws/install/ros_drone_control/share/ros_drone_control/cmake/ros_drone_controlConfig.cmake
[0.909s] -- Installing: /home/usuario/ros2_ws/install/ros_drone_control/share/ros_drone_control/cmake/ros_drone_controlConfig-version.cmake
[0.910s] -- Installing: /home/usuario/ros2_ws/install/ros_drone_control/share/ros_drone_control/package.xml
[0.912s] Invoked command in '/home/usuario/ros2_ws/build/ros_drone_control' returned '0': /usr/bin/cmake --install /home/usuario/ros2_ws/build/ros_drone_control
