-- The C compiler identification is GNU 10.5.0
-- The CXX compiler identification is GNU 10.5.0
-- Detecting C compiler ABI info
-- Detecting C compiler ABI info - done
-- Check for working C compiler: /usr/bin/cc - skipped
-- Detecting C compile features
-- Detecting C compile features - done
-- Detecting CXX compiler ABI info
-- Detecting CXX compiler ABI info - done
-- Check for working CXX compiler: /usr/bin/c++ - skipped
-- Detecting CXX compile features
-- Detecting CXX compile features - done
-- Found ament_cmake: 1.3.11 (/opt/ros/humble/share/ament_cmake/cmake)
-- Found Python3: /usr/bin/python3 (found version "3.10.12") found components: Interpreter 
-- Found rclpy: 3.3.15 (/opt/ros/humble/share/rclpy/cmake)
-- Configuring done
-- Generating done
[33mCMake Warning:
  Manually-specified variables were not used by the project:

    CATKIN_INSTALL_INTO_PREFIX_ROOT

[0m
-- Build files have been written to: /home/usuario/ros2_ws/build/drone_control
-- Install configuration: ""
-- Installing: /home/usuario/ros2_ws/install/drone_control/lib/drone_control/battery_gps_node.py
-- Installing: /home/usuario/ros2_ws/install/drone_control/lib/drone_control/mission_control_node.py
-- Installing: /home/usuario/ros2_ws/install/drone_control/share/ament_index/resource_index/package_run_dependencies/drone_control
-- Installing: /home/usuario/ros2_ws/install/drone_control/share/ament_index/resource_index/parent_prefix_path/drone_control
-- Installing: /home/usuario/ros2_ws/install/drone_control/share/drone_control/environment/ament_prefix_path.sh
-- Installing: /home/usuario/ros2_ws/install/drone_control/share/drone_control/environment/ament_prefix_path.dsv
-- Installing: /home/usuario/ros2_ws/install/drone_control/share/drone_control/environment/path.sh
-- Installing: /home/usuario/ros2_ws/install/drone_control/share/drone_control/environment/path.dsv
-- Installing: /home/usuario/ros2_ws/install/drone_control/share/drone_control/local_setup.bash
-- Installing: /home/usuario/ros2_ws/install/drone_control/share/drone_control/local_setup.sh
-- Installing: /home/usuario/ros2_ws/install/drone_control/share/drone_control/local_setup.zsh
-- Installing: /home/usuario/ros2_ws/install/drone_control/share/drone_control/local_setup.dsv
-- Installing: /home/usuario/ros2_ws/install/drone_control/share/drone_control/package.dsv
-- Installing: /home/usuario/ros2_ws/install/drone_control/share/ament_index/resource_index/packages/drone_control
-- Installing: /home/usuario/ros2_ws/install/drone_control/share/drone_control/cmake/drone_controlConfig.cmake
-- Installing: /home/usuario/ros2_ws/install/drone_control/share/drone_control/cmake/drone_controlConfig-version.cmake
-- Installing: /home/usuario/ros2_ws/install/drone_control/share/drone_control/package.xml
