[0.014s] Invoking command in '/home/usuario/ros2_ws/build/drone_control': /usr/bin/cmake --build /home/usuario/ros2_ws/build/drone_control -- -j6 -l6
[0.054s] Invoked command in '/home/usuario/ros2_ws/build/drone_control' returned '0': /usr/bin/cmake --build /home/usuario/ros2_ws/build/drone_control -- -j6 -l6
[0.066s] Invoking command in '/home/usuario/ros2_ws/build/drone_control': /usr/bin/cmake --install /home/usuario/ros2_ws/build/drone_control
[0.074s] -- Install configuration: ""
[0.074s] -- Up-to-date: /home/usuario/ros2_ws/install/drone_control/lib/drone_control/battery_gps_node.py
[0.074s] -- Up-to-date: /home/usuario/ros2_ws/install/drone_control/lib/drone_control/mission_control_node.py
[0.074s] -- Up-to-date: /home/usuario/ros2_ws/install/drone_control/share/ament_index/resource_index/package_run_dependencies/drone_control
[0.074s] -- Up-to-date: /home/usuario/ros2_ws/install/drone_control/share/ament_index/resource_index/parent_prefix_path/drone_control
[0.075s] -- Up-to-date: /home/usuario/ros2_ws/install/drone_control/share/drone_control/environment/ament_prefix_path.sh
[0.075s] -- Up-to-date: /home/usuario/ros2_ws/install/drone_control/share/drone_control/environment/ament_prefix_path.dsv
[0.075s] -- Up-to-date: /home/usuario/ros2_ws/install/drone_control/share/drone_control/environment/path.sh
[0.075s] -- Up-to-date: /home/usuario/ros2_ws/install/drone_control/share/drone_control/environment/path.dsv
[0.075s] -- Up-to-date: /home/usuario/ros2_ws/install/drone_control/share/drone_control/local_setup.bash
[0.075s] -- Up-to-date: /home/usuario/ros2_ws/install/drone_control/share/drone_control/local_setup.sh
[0.075s] -- Up-to-date: /home/usuario/ros2_ws/install/drone_control/share/drone_control/local_setup.zsh
[0.075s] -- Up-to-date: /home/usuario/ros2_ws/install/drone_control/share/drone_control/local_setup.dsv
[0.075s] -- Up-to-date: /home/usuario/ros2_ws/install/drone_control/share/drone_control/package.dsv
[0.075s] -- Up-to-date: /home/usuario/ros2_ws/install/drone_control/share/ament_index/resource_index/packages/drone_control
[0.075s] -- Up-to-date: /home/usuario/ros2_ws/install/drone_control/share/drone_control/cmake/drone_controlConfig.cmake
[0.075s] -- Up-to-date: /home/usuario/ros2_ws/install/drone_control/share/drone_control/cmake/drone_controlConfig-version.cmake
[0.075s] -- Up-to-date: /home/usuario/ros2_ws/install/drone_control/share/drone_control/package.xml
[0.076s] Invoked command in '/home/usuario/ros2_ws/build/drone_control' returned '0': /usr/bin/cmake --install /home/usuario/ros2_ws/build/drone_control
