[0.999s] Invoking command in '/home/usuario/ros2_ws/src/lab3': PYTHONPATH=/home/usuario/ros2_ws/build/lab3/prefix_override:/usr/lib/python3/dist-packages/colcon_core/task/python/colcon_distutils_commands:/home/usuario/ros2_ws/install/lab3/lib/python3.10/site-packages:${PYTHONPATH} /usr/bin/python3 -W ignore:setup.py install is deprecated -W ignore:easy_install command is deprecated setup.py egg_info --egg-base ../../build/lab3 build --build-base /home/usuario/ros2_ws/build/lab3/build install --record /home/usuario/ros2_ws/build/lab3/install.log --single-version-externally-managed install_data
[1.178s] /home/usuario/.local/lib/python3.10/site-packages/setuptools/_distutils/dist.py:270: UserWarning: Unknown distribution option: 'tests_require'
[1.178s]   warnings.warn(msg)
[1.358s] running egg_info
[1.387s] writing ../../build/lab3/lab3.egg-info/PKG-INFO
[1.388s] writing dependency_links to ../../build/lab3/lab3.egg-info/dependency_links.txt
[1.388s] writing entry points to ../../build/lab3/lab3.egg-info/entry_points.txt
[1.388s] writing requirements to ../../build/lab3/lab3.egg-info/requires.txt
[1.388s] writing top-level names to ../../build/lab3/lab3.egg-info/top_level.txt
[1.448s] reading manifest file '../../build/lab3/lab3.egg-info/SOURCES.txt'
[1.450s] writing manifest file '../../build/lab3/lab3.egg-info/SOURCES.txt'
[1.450s] running build
[1.450s] running build_py
[1.450s] copying lab3/battery_gps_node.py -> /home/usuario/ros2_ws/build/lab3/build/lib/lab3
[1.451s] copying lab3/mission_control_node.py -> /home/usuario/ros2_ws/build/lab3/build/lib/lab3
[1.452s] copying lab3/__init__.py -> /home/usuario/ros2_ws/build/lab3/build/lib/lab3
[1.452s] running install
[1.456s] running install_lib
[1.485s] copying /home/usuario/ros2_ws/build/lab3/build/lib/lab3/mission_control_node.py -> /home/usuario/ros2_ws/install/lab3/lib/python3.10/site-packages/lab3
[1.486s] byte-compiling /home/usuario/ros2_ws/install/lab3/lib/python3.10/site-packages/lab3/mission_control_node.py to mission_control_node.cpython-310.pyc
[1.488s] running install_data
[1.488s] copying resource/lab3 -> /home/usuario/ros2_ws/install/lab3/share/ament_index/resource_index/packages
[1.488s] copying package.xml -> /home/usuario/ros2_ws/install/lab3/share/lab3
[1.489s] running install_egg_info
[1.519s] removing '/home/usuario/ros2_ws/install/lab3/lib/python3.10/site-packages/lab3-0.0.0-py3.10.egg-info' (and everything under it)
[1.520s] Copying ../../build/lab3/lab3.egg-info to /home/usuario/ros2_ws/install/lab3/lib/python3.10/site-packages/lab3-0.0.0-py3.10.egg-info
[1.527s] running install_scripts
[1.706s] Installing battery_gps script to /home/usuario/ros2_ws/install/lab3/lib/lab3
[1.707s] Installing mission_control script to /home/usuario/ros2_ws/install/lab3/lib/lab3
[1.707s] writing list of installed files to '/home/usuario/ros2_ws/build/lab3/install.log'
[1.725s] Invoked command in '/home/usuario/ros2_ws/src/lab3' returned '0': PYTHONPATH=/home/usuario/ros2_ws/build/lab3/prefix_override:/usr/lib/python3/dist-packages/colcon_core/task/python/colcon_distutils_commands:/home/usuario/ros2_ws/install/lab3/lib/python3.10/site-packages:${PYTHONPATH} /usr/bin/python3 -W ignore:setup.py install is deprecated -W ignore:easy_install command is deprecated setup.py egg_info --egg-base ../../build/lab3 build --build-base /home/usuario/ros2_ws/build/lab3/build install --record /home/usuario/ros2_ws/build/lab3/install.log --single-version-externally-managed install_data
