/home/usuario/.local/lib/python3.10/site-packages/setuptools/_distutils/dist.py:270: UserWarning: Unknown distribution option: 'tests_require'
  warnings.warn(msg)
running egg_info
writing ../../build/lab3/lab3.egg-info/PKG-INFO
writing dependency_links to ../../build/lab3/lab3.egg-info/dependency_links.txt
writing entry points to ../../build/lab3/lab3.egg-info/entry_points.txt
writing requirements to ../../build/lab3/lab3.egg-info/requires.txt
writing top-level names to ../../build/lab3/lab3.egg-info/top_level.txt
reading manifest file '../../build/lab3/lab3.egg-info/SOURCES.txt'
writing manifest file '../../build/lab3/lab3.egg-info/SOURCES.txt'
running build
running build_py
copying lab3/battery_gps_node.py -> /home/usuario/ros2_ws/build/lab3/build/lib/lab3
copying lab3/mission_control_node.py -> /home/usuario/ros2_ws/build/lab3/build/lib/lab3
copying lab3/__init__.py -> /home/usuario/ros2_ws/build/lab3/build/lib/lab3
running install
running install_lib
byte-compiling /home/usuario/ros2_ws/install/lab3/lib/python3.10/site-packages/lab3/mission_control_node.py to mission_control_node.cpython-310.pyc
Sorry: TabError: inconsistent use of tabs and spaces in indentation (mission_control_node.py, line 33)
running install_data
copying resource/lab3 -> /home/usuario/ros2_ws/install/lab3/share/ament_index/resource_index/packages
copying package.xml -> /home/usuario/ros2_ws/install/lab3/share/lab3
running install_egg_info
removing '/home/usuario/ros2_ws/install/lab3/lib/python3.10/site-packages/lab3-0.0.0-py3.10.egg-info' (and everything under it)
Copying ../../build/lab3/lab3.egg-info to /home/usuario/ros2_ws/install/lab3/lib/python3.10/site-packages/lab3-0.0.0-py3.10.egg-info
running install_scripts
Installing battery_gps script to /home/usuario/ros2_ws/install/lab3/lib/lab3
Installing mission_control script to /home/usuario/ros2_ws/install/lab3/lib/lab3
writing list of installed files to '/home/usuario/ros2_ws/build/lab3/install.log'
