[0.015s] Invoking command in '/home/usuario/ros2_ws/build/ros_drone_control': /usr/bin/cmake --build /home/usuario/ros2_ws/build/ros_drone_control -- -j6 -l6
[0.056s] Invoked command in '/home/usuario/ros2_ws/build/ros_drone_control' returned '0': /usr/bin/cmake --build /home/usuario/ros2_ws/build/ros_drone_control -- -j6 -l6
[0.068s] Invoking command in '/home/usuario/ros2_ws/build/ros_drone_control': /usr/bin/cmake --install /home/usuario/ros2_ws/build/ros_drone_control
[0.076s] -- Install configuration: ""
[0.076s] -- Up-to-date: /home/usuario/ros2_ws/install/ros_drone_control/lib/ros_drone_control/battery_gps_node.py
[0.076s] -- Up-to-date: /home/usuario/ros2_ws/install/ros_drone_control/lib/ros_drone_control/mission_control_node.py
[0.076s] -- Up-to-date: /home/usuario/ros2_ws/install/ros_drone_control/share/ament_index/resource_index/package_run_dependencies/ros_drone_control
[0.076s] -- Up-to-date: /home/usuario/ros2_ws/install/ros_drone_control/share/ament_index/resource_index/parent_prefix_path/ros_drone_control
[0.076s] -- Up-to-date: /home/usuario/ros2_ws/install/ros_drone_control/share/ros_drone_control/environment/ament_prefix_path.sh
[0.076s] -- Up-to-date: /home/usuario/ros2_ws/install/ros_drone_control/share/ros_drone_control/environment/ament_prefix_path.dsv
[0.076s] -- Up-to-date: /home/usuario/ros2_ws/install/ros_drone_control/share/ros_drone_control/environment/path.sh
[0.076s] -- Up-to-date: /home/usuario/ros2_ws/install/ros_drone_control/share/ros_drone_control/environment/path.dsv
[0.076s] -- Up-to-date: /home/usuario/ros2_ws/install/ros_drone_control/share/ros_drone_control/local_setup.bash
[0.076s] -- Up-to-date: /home/usuario/ros2_ws/install/ros_drone_control/share/ros_drone_control/local_setup.sh
[0.077s] -- Up-to-date: /home/usuario/ros2_ws/install/ros_drone_control/share/ros_drone_control/local_setup.zsh
[0.077s] -- Up-to-date: /home/usuario/ros2_ws/install/ros_drone_control/share/ros_drone_control/local_setup.dsv
[0.077s] -- Up-to-date: /home/usuario/ros2_ws/install/ros_drone_control/share/ros_drone_control/package.dsv
[0.077s] -- Up-to-date: /home/usuario/ros2_ws/install/ros_drone_control/share/ament_index/resource_index/packages/ros_drone_control
[0.077s] -- Up-to-date: /home/usuario/ros2_ws/install/ros_drone_control/share/ros_drone_control/cmake/ros_drone_controlConfig.cmake
[0.077s] -- Up-to-date: /home/usuario/ros2_ws/install/ros_drone_control/share/ros_drone_control/cmake/ros_drone_controlConfig-version.cmake
[0.077s] -- Up-to-date: /home/usuario/ros2_ws/install/ros_drone_control/share/ros_drone_control/package.xml
[0.078s] Invoked command in '/home/usuario/ros2_ws/build/ros_drone_control' returned '0': /usr/bin/cmake --install /home/usuario/ros2_ws/build/ros_drone_control
