[0.110s] DEBUG:colcon:Command line arguments: ['/usr/bin/colcon', 'build']
[0.110s] DEBUG:colcon:Parsed command line arguments: Namespace(log_base=None, log_level=None, verb_name='build', build_base='build', install_base='install', merge_install=False, symlink_install=False, test_result_base=None, continue_on_error=False, executor='parallel', parallel_workers=6, event_handlers=None, ignore_user_meta=False, metas=['./colcon.meta'], base_paths=['.'], packages_ignore=None, packages_ignore_regex=None, paths=None, packages_up_to=None, packages_up_to_regex=None, packages_above=None, packages_above_and_dependencies=None, packages_above_depth=None, packages_select_by_dep=None, packages_skip_by_dep=None, packages_skip_up_to=None, packages_select_build_failed=False, packages_skip_build_finished=False, packages_select_test_failures=False, packages_skip_test_passed=False, packages_select=None, packages_skip=None, packages_select_regex=None, packages_skip_regex=None, packages_start=None, packages_end=None, allow_overriding=[], cmake_args=None, cmake_target=None, cmake_target_skip_unavailable=False, cmake_clean_cache=False, cmake_clean_first=False, cmake_force_configure=False, ament_cmake_args=None, catkin_cmake_args=None, catkin_skip_building_tests=False, mixin_files=None, mixin=None, verb_parser=<colcon_mixin.mixin.mixin_argument.MixinArgumentDecorator object at 0x7675045b21a0>, verb_extension=<colcon_core.verb.build.BuildVerb object at 0x7675045b1bd0>, main=<bound method BuildVerb.main of <colcon_core.verb.build.BuildVerb object at 0x7675045b1bd0>>, mixin_verb=('build',))
[0.171s] Level 1:colcon.colcon_core.package_discovery:discover_packages(colcon_meta) check parameters
[0.171s] Level 1:colcon.colcon_core.package_discovery:discover_packages(recursive) check parameters
[0.171s] Level 1:colcon.colcon_core.package_discovery:discover_packages(ignore) check parameters
[0.171s] Level 1:colcon.colcon_core.package_discovery:discover_packages(path) check parameters
[0.171s] Level 1:colcon.colcon_core.package_discovery:discover_packages(colcon_meta) discover
[0.172s] Level 1:colcon.colcon_core.package_discovery:discover_packages(recursive) discover
[0.172s] INFO:colcon.colcon_core.package_discovery:Crawling recursively for packages in '/home/usuario/ros2_ws/src'
[0.172s] Level 1:colcon.colcon_core.package_identification:_identify(.) by extensions ['ignore', 'ignore_ament_install']
[0.172s] Level 1:colcon.colcon_core.package_identification:_identify(.) by extension 'ignore'
[0.172s] Level 1:colcon.colcon_core.package_identification:_identify(.) by extension 'ignore_ament_install'
[0.172s] Level 1:colcon.colcon_core.package_identification:_identify(.) by extensions ['colcon_pkg']
[0.172s] Level 1:colcon.colcon_core.package_identification:_identify(.) by extension 'colcon_pkg'
[0.172s] Level 1:colcon.colcon_core.package_identification:_identify(.) by extensions ['colcon_meta']
[0.172s] Level 1:colcon.colcon_core.package_identification:_identify(.) by extension 'colcon_meta'
[0.172s] Level 1:colcon.colcon_core.package_identification:_identify(.) by extensions ['ros']
[0.172s] Level 1:colcon.colcon_core.package_identification:_identify(.) by extension 'ros'
[0.186s] Level 1:colcon.colcon_core.package_identification:_identify(.) by extensions ['cmake', 'python']
[0.186s] Level 1:colcon.colcon_core.package_identification:_identify(.) by extension 'cmake'
[0.187s] Level 1:colcon.colcon_core.package_identification:_identify(.) by extension 'python'
[0.187s] Level 1:colcon.colcon_core.package_identification:_identify(.) by extensions ['python_setup_py']
[0.187s] Level 1:colcon.colcon_core.package_identification:_identify(.) by extension 'python_setup_py'
[0.187s] Level 1:colcon.colcon_core.package_identification:_identify(build) by extensions ['ignore', 'ignore_ament_install']
[0.187s] Level 1:colcon.colcon_core.package_identification:_identify(build) by extension 'ignore'
[0.187s] Level 1:colcon.colcon_core.package_identification:_identify(build) ignored
[0.187s] Level 1:colcon.colcon_core.package_identification:_identify(drone_control) by extensions ['ignore', 'ignore_ament_install']
[0.187s] Level 1:colcon.colcon_core.package_identification:_identify(drone_control) by extension 'ignore'
[0.187s] Level 1:colcon.colcon_core.package_identification:_identify(drone_control) by extension 'ignore_ament_install'
[0.187s] Level 1:colcon.colcon_core.package_identification:_identify(drone_control) by extensions ['colcon_pkg']
[0.187s] Level 1:colcon.colcon_core.package_identification:_identify(drone_control) by extension 'colcon_pkg'
[0.187s] Level 1:colcon.colcon_core.package_identification:_identify(drone_control) by extensions ['colcon_meta']
[0.187s] Level 1:colcon.colcon_core.package_identification:_identify(drone_control) by extension 'colcon_meta'
[0.187s] Level 1:colcon.colcon_core.package_identification:_identify(drone_control) by extensions ['ros']
[0.187s] Level 1:colcon.colcon_core.package_identification:_identify(drone_control) by extension 'ros'
[0.190s] DEBUG:colcon.colcon_core.package_identification:Package 'drone_control' with type 'ros.catkin' and name 'drone_control'
[0.190s] Level 1:colcon.colcon_core.package_identification:_identify(install) by extensions ['ignore', 'ignore_ament_install']
[0.190s] Level 1:colcon.colcon_core.package_identification:_identify(install) by extension 'ignore'
[0.190s] Level 1:colcon.colcon_core.package_identification:_identify(install) ignored
[0.190s] Level 1:colcon.colcon_core.package_identification:_identify(log) by extensions ['ignore', 'ignore_ament_install']
[0.190s] Level 1:colcon.colcon_core.package_identification:_identify(log) by extension 'ignore'
[0.190s] Level 1:colcon.colcon_core.package_identification:_identify(log) ignored
[0.190s] Level 1:colcon.colcon_core.package_discovery:discover_packages(recursive) using defaults
[0.190s] Level 1:colcon.colcon_core.package_discovery:discover_packages(ignore) discover
[0.190s] Level 1:colcon.colcon_core.package_discovery:discover_packages(ignore) using defaults
[0.190s] Level 1:colcon.colcon_core.package_discovery:discover_packages(path) discover
[0.190s] Level 1:colcon.colcon_core.package_discovery:discover_packages(path) using defaults
[0.207s] Level 1:colcon.colcon_core.package_discovery:discover_packages(prefix_path) check parameters
[0.207s] Level 1:colcon.colcon_core.package_discovery:discover_packages(prefix_path) discover
[0.210s] DEBUG:colcon.colcon_installed_package_information.package_discovery:Found 1 installed packages in /home/usuario/ros2_ws/install
[0.212s] DEBUG:colcon.colcon_installed_package_information.package_discovery:Found 456 installed packages in /opt/ros/humble
[0.213s] Level 1:colcon.colcon_core.package_discovery:discover_packages(prefix_path) using defaults
[0.253s] Level 5:colcon.colcon_core.verb:set package 'drone_control' build argument 'cmake_args' from command line to 'None'
[0.253s] Level 5:colcon.colcon_core.verb:set package 'drone_control' build argument 'cmake_target' from command line to 'None'
[0.253s] Level 5:colcon.colcon_core.verb:set package 'drone_control' build argument 'cmake_target_skip_unavailable' from command line to 'False'
[0.253s] Level 5:colcon.colcon_core.verb:set package 'drone_control' build argument 'cmake_clean_cache' from command line to 'False'
[0.253s] Level 5:colcon.colcon_core.verb:set package 'drone_control' build argument 'cmake_clean_first' from command line to 'False'
[0.253s] Level 5:colcon.colcon_core.verb:set package 'drone_control' build argument 'cmake_force_configure' from command line to 'False'
[0.253s] Level 5:colcon.colcon_core.verb:set package 'drone_control' build argument 'ament_cmake_args' from command line to 'None'
[0.253s] Level 5:colcon.colcon_core.verb:set package 'drone_control' build argument 'catkin_cmake_args' from command line to 'None'
[0.253s] Level 5:colcon.colcon_core.verb:set package 'drone_control' build argument 'catkin_skip_building_tests' from command line to 'False'
[0.253s] DEBUG:colcon.colcon_core.verb:Building package 'drone_control' with the following arguments: {'ament_cmake_args': None, 'build_base': '/home/usuario/ros2_ws/src/build/drone_control', 'catkin_cmake_args': None, 'catkin_skip_building_tests': False, 'cmake_args': None, 'cmake_clean_cache': False, 'cmake_clean_first': False, 'cmake_force_configure': False, 'cmake_target': None, 'cmake_target_skip_unavailable': False, 'install_base': '/home/usuario/ros2_ws/src/install/drone_control', 'merge_install': False, 'path': '/home/usuario/ros2_ws/src/drone_control', 'symlink_install': False, 'test_result_base': None}
[0.254s] INFO:colcon.colcon_core.executor:Executing jobs using 'parallel' executor
[0.254s] DEBUG:colcon.colcon_parallel_executor.executor.parallel:run_until_complete
[0.254s] INFO:colcon.colcon_ros.task.catkin.build:Building ROS package in '/home/usuario/ros2_ws/src/drone_control' with build type 'catkin'
[0.255s] INFO:colcon.colcon_cmake.task.cmake.build:Building CMake package in '/home/usuario/ros2_ws/src/drone_control'
[0.256s] INFO:colcon.colcon_core.plugin_system:Skipping extension 'colcon_core.shell.bat': Not used on non-Windows systems
[0.256s] INFO:colcon.colcon_core.shell:Skip shell extension 'powershell' for command environment: Not usable outside of PowerShell
[0.256s] DEBUG:colcon.colcon_core.shell:Skip shell extension 'dsv' for command environment
[0.267s] DEBUG:colcon.colcon_core.event_handler.log_command:Invoking command in '/home/usuario/ros2_ws/src/build/drone_control': /usr/bin/cmake /home/usuario/ros2_ws/src/drone_control -DCATKIN_INSTALL_INTO_PREFIX_ROOT=0 -DCMAKE_INSTALL_PREFIX=/home/usuario/ros2_ws/src/install/drone_control
[1.102s] DEBUG:colcon.colcon_core.event_handler.log_command:Invoked command in '/home/usuario/ros2_ws/src/build/drone_control' returned '0': /usr/bin/cmake /home/usuario/ros2_ws/src/drone_control -DCATKIN_INSTALL_INTO_PREFIX_ROOT=0 -DCMAKE_INSTALL_PREFIX=/home/usuario/ros2_ws/src/install/drone_control
[1.104s] DEBUG:colcon.colcon_core.event_handler.log_command:Invoking command in '/home/usuario/ros2_ws/src/build/drone_control': /usr/bin/cmake --build /home/usuario/ros2_ws/src/build/drone_control -- -j6 -l6
[1.146s] DEBUG:colcon.colcon_core.event_handler.log_command:Invoked command in '/home/usuario/ros2_ws/src/build/drone_control' returned '0': /usr/bin/cmake --build /home/usuario/ros2_ws/src/build/drone_control -- -j6 -l6
[1.158s] DEBUG:colcon.colcon_core.event_handler.log_command:Invoking command in '/home/usuario/ros2_ws/src/build/drone_control': /usr/bin/cmake --install /home/usuario/ros2_ws/src/build/drone_control
[1.183s] DEBUG:colcon.colcon_core.event_handler.log_command:Invoked command in '/home/usuario/ros2_ws/src/build/drone_control' returned '0': /usr/bin/cmake --install /home/usuario/ros2_ws/src/build/drone_control
[1.184s] Level 1:colcon.colcon_core.shell:create_environment_hook('drone_control', 'ros_package_path')
[1.184s] INFO:colcon.colcon_core.shell:Creating environment hook '/home/usuario/ros2_ws/src/install/drone_control/share/drone_control/hook/ros_package_path.ps1'
[1.185s] INFO:colcon.colcon_core.shell:Creating environment descriptor '/home/usuario/ros2_ws/src/install/drone_control/share/drone_control/hook/ros_package_path.dsv'
[1.185s] INFO:colcon.colcon_core.shell:Creating environment hook '/home/usuario/ros2_ws/src/install/drone_control/share/drone_control/hook/ros_package_path.sh'
[1.186s] Level 1:colcon.colcon_core.shell:create_environment_hook('drone_control', 'pkg_config_path')
[1.186s] INFO:colcon.colcon_core.shell:Creating environment hook '/home/usuario/ros2_ws/src/install/drone_control/share/drone_control/hook/pkg_config_path.ps1'
[1.187s] INFO:colcon.colcon_core.shell:Creating environment descriptor '/home/usuario/ros2_ws/src/install/drone_control/share/drone_control/hook/pkg_config_path.dsv'
[1.187s] INFO:colcon.colcon_core.shell:Creating environment hook '/home/usuario/ros2_ws/src/install/drone_control/share/drone_control/hook/pkg_config_path.sh'
[1.190s] Level 1:colcon.colcon_core.shell:create_environment_hook('drone_control', 'pkg_config_path_multiarch')
[1.190s] INFO:colcon.colcon_core.shell:Creating environment hook '/home/usuario/ros2_ws/src/install/drone_control/share/drone_control/hook/pkg_config_path_multiarch.ps1'
[1.190s] INFO:colcon.colcon_core.shell:Creating environment descriptor '/home/usuario/ros2_ws/src/install/drone_control/share/drone_control/hook/pkg_config_path_multiarch.dsv'
[1.191s] INFO:colcon.colcon_core.shell:Creating environment hook '/home/usuario/ros2_ws/src/install/drone_control/share/drone_control/hook/pkg_config_path_multiarch.sh'
[1.192s] Level 1:colcon.colcon_core.environment:create_environment_scripts_only(drone_control)
[1.200s] Level 1:colcon.colcon_core.environment:checking '/home/usuario/ros2_ws/src/install/drone_control' for CMake module files
[1.201s] Level 1:colcon.colcon_core.environment:checking '/home/usuario/ros2_ws/src/install/drone_control' for CMake config files
[1.201s] Level 1:colcon.colcon_core.shell:create_environment_hook('drone_control', 'cmake_prefix_path')
[1.201s] INFO:colcon.colcon_core.shell:Creating environment hook '/home/usuario/ros2_ws/src/install/drone_control/share/drone_control/hook/cmake_prefix_path.ps1'
[1.202s] INFO:colcon.colcon_core.shell:Creating environment descriptor '/home/usuario/ros2_ws/src/install/drone_control/share/drone_control/hook/cmake_prefix_path.dsv'
[1.202s] INFO:colcon.colcon_core.shell:Creating environment hook '/home/usuario/ros2_ws/src/install/drone_control/share/drone_control/hook/cmake_prefix_path.sh'
[1.203s] Level 1:colcon.colcon_core.environment:checking '/home/usuario/ros2_ws/src/install/drone_control/lib'
[1.203s] Level 1:colcon.colcon_core.environment:checking '/home/usuario/ros2_ws/src/install/drone_control/bin'
[1.203s] Level 1:colcon.colcon_core.environment:checking '/home/usuario/ros2_ws/src/install/drone_control/lib/pkgconfig/drone_control.pc'
[1.203s] Level 1:colcon.colcon_core.environment:checking '/home/usuario/ros2_ws/src/install/drone_control/lib/python3.10/site-packages'
[1.204s] Level 1:colcon.colcon_core.environment:checking '/home/usuario/ros2_ws/src/install/drone_control/bin'
[1.204s] INFO:colcon.colcon_core.shell:Creating package script '/home/usuario/ros2_ws/src/install/drone_control/share/drone_control/package.ps1'
[1.205s] INFO:colcon.colcon_core.shell:Creating package descriptor '/home/usuario/ros2_ws/src/install/drone_control/share/drone_control/package.dsv'
[1.205s] INFO:colcon.colcon_core.shell:Creating package script '/home/usuario/ros2_ws/src/install/drone_control/share/drone_control/package.sh'
[1.206s] INFO:colcon.colcon_core.shell:Creating package script '/home/usuario/ros2_ws/src/install/drone_control/share/drone_control/package.bash'
[1.207s] INFO:colcon.colcon_core.shell:Creating package script '/home/usuario/ros2_ws/src/install/drone_control/share/drone_control/package.zsh'
[1.207s] Level 1:colcon.colcon_core.environment:create_file_with_runtime_dependencies(/home/usuario/ros2_ws/src/install/drone_control/share/colcon-core/packages/drone_control)
[1.208s] DEBUG:colcon.colcon_parallel_executor.executor.parallel:closing loop
[1.208s] DEBUG:colcon.colcon_parallel_executor.executor.parallel:loop closed
[1.208s] DEBUG:colcon.colcon_parallel_executor.executor.parallel:run_until_complete finished with '0'
[1.208s] DEBUG:colcon.colcon_core.event_reactor:joining thread
[1.214s] INFO:colcon.colcon_core.plugin_system:Skipping extension 'colcon_notification.desktop_notification.terminal_notifier': Not used on non-Darwin systems
[1.214s] INFO:colcon.colcon_core.plugin_system:Skipping extension 'colcon_notification.desktop_notification.win32': Not used on non-Windows systems
[1.214s] INFO:colcon.colcon_notification.desktop_notification:Sending desktop notification using 'notify2'
[1.221s] DEBUG:colcon.colcon_core.event_reactor:joined thread
[1.221s] INFO:colcon.colcon_core.shell:Creating prefix script '/home/usuario/ros2_ws/src/install/local_setup.ps1'
[1.222s] INFO:colcon.colcon_core.shell:Creating prefix util module '/home/usuario/ros2_ws/src/install/_local_setup_util_ps1.py'
[1.224s] INFO:colcon.colcon_core.shell:Creating prefix chain script '/home/usuario/ros2_ws/src/install/setup.ps1'
[1.225s] INFO:colcon.colcon_core.shell:Creating prefix script '/home/usuario/ros2_ws/src/install/local_setup.sh'
[1.225s] INFO:colcon.colcon_core.shell:Creating prefix util module '/home/usuario/ros2_ws/src/install/_local_setup_util_sh.py'
[1.226s] INFO:colcon.colcon_core.shell:Creating prefix chain script '/home/usuario/ros2_ws/src/install/setup.sh'
[1.227s] INFO:colcon.colcon_core.shell:Creating prefix script '/home/usuario/ros2_ws/src/install/local_setup.bash'
[1.228s] INFO:colcon.colcon_core.shell:Creating prefix chain script '/home/usuario/ros2_ws/src/install/setup.bash'
[1.229s] INFO:colcon.colcon_core.shell:Creating prefix script '/home/usuario/ros2_ws/src/install/local_setup.zsh'
[1.230s] INFO:colcon.colcon_core.shell:Creating prefix chain script '/home/usuario/ros2_ws/src/install/setup.zsh'
