[0.012s] Invoking command in '/home/usuario/ros2_ws/build/drone_control': /usr/bin/cmake /home/usuario/ros2_ws/src/drone_control -DCATKIN_INSTALL_INTO_PREFIX_ROOT=0 -DCATKIN_SYMLINK_INSTALL=ON -DCMAKE_INSTALL_PREFIX=/home/usuario/ros2_ws/install/drone_control
[0.070s] -- The C compiler identification is GNU 10.5.0
[0.127s] -- The CXX compiler identification is GNU 10.5.0
[0.135s] -- Detecting C compiler ABI info
[0.218s] -- Detecting C compiler ABI info - done
[0.225s] -- Check for working C compiler: /usr/bin/cc - skipped
[0.225s] -- Detecting C compile features
[0.225s] -- Detecting C compile features - done
[0.229s] -- Detecting CXX compiler ABI info
[0.320s] -- Detecting CXX compiler ABI info - done
[0.327s] -- Check for working CXX compiler: /usr/bin/c++ - skipped
[0.327s] -- Detecting CXX compile features
[0.328s] -- Detecting CXX compile features - done
[0.332s] -- Found ament_cmake: 1.3.11 (/opt/ros/humble/share/ament_cmake/cmake)
[0.688s] -- Found Python3: /usr/bin/python3 (found version "3.10.12") found components: Interpreter 
[0.767s] -- Found rclpy: 3.3.15 (/opt/ros/humble/share/rclpy/cmake)
[0.831s] -- Configuring done
[0.835s] -- Generating done
[0.836s] [33mCMake Warning:
[0.837s]   Manually-specified variables were not used by the project:
[0.837s] 
[0.837s]     CATKIN_INSTALL_INTO_PREFIX_ROOT
[0.837s]     CATKIN_SYMLINK_INSTALL
[0.837s] 
[0.837s] [0m
[0.841s] -- Build files have been written to: /home/usuario/ros2_ws/build/drone_control
[0.845s] Invoked command in '/home/usuario/ros2_ws/build/drone_control' returned '0': /usr/bin/cmake /home/usuario/ros2_ws/src/drone_control -DCATKIN_INSTALL_INTO_PREFIX_ROOT=0 -DCATKIN_SYMLINK_INSTALL=ON -DCMAKE_INSTALL_PREFIX=/home/usuario/ros2_ws/install/drone_control
[0.847s] Invoking command in '/home/usuario/ros2_ws/build/drone_control': /usr/bin/cmake --build /home/usuario/ros2_ws/build/drone_control -- -j6 -l6
[0.891s] Invoked command in '/home/usuario/ros2_ws/build/drone_control' returned '0': /usr/bin/cmake --build /home/usuario/ros2_ws/build/drone_control -- -j6 -l6
[0.903s] Invoking command in '/home/usuario/ros2_ws/build/drone_control': /usr/bin/cmake --install /home/usuario/ros2_ws/build/drone_control
[0.912s] -- Install configuration: ""
[0.912s] -- Installing: /home/usuario/ros2_ws/install/drone_control/lib/drone_control/battery_gps_node.py
[0.913s] -- Installing: /home/usuario/ros2_ws/install/drone_control/lib/drone_control/mission_control_node.py
[0.914s] -- Installing: /home/usuario/ros2_ws/install/drone_control/share/ament_index/resource_index/package_run_dependencies/drone_control
[0.915s] -- Installing: /home/usuario/ros2_ws/install/drone_control/share/ament_index/resource_index/parent_prefix_path/drone_control
[0.916s] -- Installing: /home/usuario/ros2_ws/install/drone_control/share/drone_control/environment/ament_prefix_path.sh
[0.916s] -- Installing: /home/usuario/ros2_ws/install/drone_control/share/drone_control/environment/ament_prefix_path.dsv
[0.917s] -- Installing: /home/usuario/ros2_ws/install/drone_control/share/drone_control/environment/path.sh
[0.917s] -- Installing: /home/usuario/ros2_ws/install/drone_control/share/drone_control/environment/path.dsv
[0.918s] -- Installing: /home/usuario/ros2_ws/install/drone_control/share/drone_control/local_setup.bash
[0.919s] -- Installing: /home/usuario/ros2_ws/install/drone_control/share/drone_control/local_setup.sh
[0.920s] -- Installing: /home/usuario/ros2_ws/install/drone_control/share/drone_control/local_setup.zsh
[0.921s] -- Installing: /home/usuario/ros2_ws/install/drone_control/share/drone_control/local_setup.dsv
[0.922s] -- Installing: /home/usuario/ros2_ws/install/drone_control/share/drone_control/package.dsv
[0.923s] -- Installing: /home/usuario/ros2_ws/install/drone_control/share/ament_index/resource_index/packages/drone_control
[0.924s] -- Installing: /home/usuario/ros2_ws/install/drone_control/share/drone_control/cmake/drone_controlConfig.cmake
[0.925s] -- Installing: /home/usuario/ros2_ws/install/drone_control/share/drone_control/cmake/drone_controlConfig-version.cmake
[0.926s] -- Installing: /home/usuario/ros2_ws/install/drone_control/share/drone_control/package.xml
[0.929s] Invoked command in '/home/usuario/ros2_ws/build/drone_control' returned '0': /usr/bin/cmake --install /home/usuario/ros2_ws/build/drone_control
