[0.012s] Invoking command in '/home/usuario/ros2_ws/src/build/drone_control': /usr/bin/cmake /home/usuario/ros2_ws/src/drone_control -DCATKIN_INSTALL_INTO_PREFIX_ROOT=0 -DCMAKE_INSTALL_PREFIX=/home/usuario/ros2_ws/src/install/drone_control
[0.073s] -- The C compiler identification is GNU 10.5.0
[0.130s] -- The CXX compiler identification is GNU 10.5.0
[0.138s] -- Detecting C compiler ABI info
[0.222s] -- Detecting C compiler ABI info - done
[0.228s] -- Check for working C compiler: /usr/bin/cc - skipped
[0.228s] -- Detecting C compile features
[0.228s] -- Detecting C compile features - done
[0.232s] -- Detecting CXX compiler ABI info
[0.324s] -- Detecting CXX compiler ABI info - done
[0.330s] -- Check for working CXX compiler: /usr/bin/c++ - skipped
[0.331s] -- Detecting CXX compile features
[0.331s] -- Detecting CXX compile features - done
[0.335s] -- Found ament_cmake: 1.3.11 (/opt/ros/humble/share/ament_cmake/cmake)
[0.686s] -- Found Python3: /usr/bin/python3 (found version "3.10.12") found components: Interpreter 
[0.768s] -- Found rclpy: 3.3.15 (/opt/ros/humble/share/rclpy/cmake)
[0.833s] -- Configuring done
[0.838s] -- Generating done
[0.839s] [33mCMake Warning:
[0.839s]   Manually-specified variables were not used by the project:
[0.839s] 
[0.839s]     CATKIN_INSTALL_INTO_PREFIX_ROOT
[0.839s] 
[0.839s] [0m
[0.843s] -- Build files have been written to: /home/usuario/ros2_ws/src/build/drone_control
[0.847s] Invoked command in '/home/usuario/ros2_ws/src/build/drone_control' returned '0': /usr/bin/cmake /home/usuario/ros2_ws/src/drone_control -DCATKIN_INSTALL_INTO_PREFIX_ROOT=0 -DCMAKE_INSTALL_PREFIX=/home/usuario/ros2_ws/src/install/drone_control
[0.849s] Invoking command in '/home/usuario/ros2_ws/src/build/drone_control': /usr/bin/cmake --build /home/usuario/ros2_ws/src/build/drone_control -- -j6 -l6
[0.891s] Invoked command in '/home/usuario/ros2_ws/src/build/drone_control' returned '0': /usr/bin/cmake --build /home/usuario/ros2_ws/src/build/drone_control -- -j6 -l6
[0.903s] Invoking command in '/home/usuario/ros2_ws/src/build/drone_control': /usr/bin/cmake --install /home/usuario/ros2_ws/src/build/drone_control
[0.911s] -- Install configuration: ""
[0.911s] -- Installing: /home/usuario/ros2_ws/src/install/drone_control/lib/drone_control/battery_gps_node.py
[0.912s] -- Installing: /home/usuario/ros2_ws/src/install/drone_control/lib/drone_control/mission_control_node.py
[0.913s] -- Installing: /home/usuario/ros2_ws/src/install/drone_control/share/ament_index/resource_index/package_run_dependencies/drone_control
[0.914s] -- Installing: /home/usuario/ros2_ws/src/install/drone_control/share/ament_index/resource_index/parent_prefix_path/drone_control
[0.916s] -- Installing: /home/usuario/ros2_ws/src/install/drone_control/share/drone_control/environment/ament_prefix_path.sh
[0.916s] -- Installing: /home/usuario/ros2_ws/src/install/drone_control/share/drone_control/environment/ament_prefix_path.dsv
[0.917s] -- Installing: /home/usuario/ros2_ws/src/install/drone_control/share/drone_control/environment/path.sh
[0.917s] -- Installing: /home/usuario/ros2_ws/src/install/drone_control/share/drone_control/environment/path.dsv
[0.918s] -- Installing: /home/usuario/ros2_ws/src/install/drone_control/share/drone_control/local_setup.bash
[0.919s] -- Installing: /home/usuario/ros2_ws/src/install/drone_control/share/drone_control/local_setup.sh
[0.920s] -- Installing: /home/usuario/ros2_ws/src/install/drone_control/share/drone_control/local_setup.zsh
[0.921s] -- Installing: /home/usuario/ros2_ws/src/install/drone_control/share/drone_control/local_setup.dsv
[0.922s] -- Installing: /home/usuario/ros2_ws/src/install/drone_control/share/drone_control/package.dsv
[0.923s] -- Installing: /home/usuario/ros2_ws/src/install/drone_control/share/ament_index/resource_index/packages/drone_control
[0.924s] -- Installing: /home/usuario/ros2_ws/src/install/drone_control/share/drone_control/cmake/drone_controlConfig.cmake
[0.925s] -- Installing: /home/usuario/ros2_ws/src/install/drone_control/share/drone_control/cmake/drone_controlConfig-version.cmake
[0.925s] -- Installing: /home/usuario/ros2_ws/src/install/drone_control/share/drone_control/package.xml
[0.928s] Invoked command in '/home/usuario/ros2_ws/src/build/drone_control' returned '0': /usr/bin/cmake --install /home/usuario/ros2_ws/src/build/drone_control
